Determining if the pthread_create exist failed with the following output:
Change Dir: /home/xumingye/Self-Super/PointGLR-master/build/CMakeFiles/CMakeTmp

Run Build Command:"/usr/bin/make" "cmTC_c4790/fast"
/usr/bin/make -f CMakeFiles/cmTC_c4790.dir/build.make CMakeFiles/cmTC_c4790.dir/build
make[1]: Entering directory '/home/xumingye/Self-Super/PointGLR-master/build/CMakeFiles/CMakeTmp'
Building C object CMakeFiles/cmTC_c4790.dir/CheckSymbolExists.c.o
/usr/bin/cc    -fPIC    -o CMakeFiles/cmTC_c4790.dir/CheckSymbolExists.c.o   -c /home/xumingye/Self-Super/PointGLR-master/build/CMakeFiles/CMakeTmp/CheckSymbolExists.c
Linking C executable cmTC_c4790
/usr/bin/cmake -E cmake_link_script CMakeFiles/cmTC_c4790.dir/link.txt --verbose=1
/usr/bin/cc  -fPIC     CMakeFiles/cmTC_c4790.dir/CheckSymbolExists.c.o  -o cmTC_c4790 -rdynamic 
CMakeFiles/cmTC_c4790.dir/CheckSymbolExists.c.o: In function `main':
CheckSymbolExists.c:(.text+0x1b): undefined reference to `pthread_create'
collect2: error: ld returned 1 exit status
CMakeFiles/cmTC_c4790.dir/build.make:97: recipe for target 'cmTC_c4790' failed
make[1]: *** [cmTC_c4790] Error 1
make[1]: Leaving directory '/home/xumingye/Self-Super/PointGLR-master/build/CMakeFiles/CMakeTmp'
Makefile:126: recipe for target 'cmTC_c4790/fast' failed
make: *** [cmTC_c4790/fast] Error 2

File /home/xumingye/Self-Super/PointGLR-master/build/CMakeFiles/CMakeTmp/CheckSymbolExists.c:
/* */
#include <pthread.h>

int main(int argc, char** argv)
{
  (void)argv;
#ifndef pthread_create
  return ((int*)(&pthread_create))[argc];
#else
  (void)argc;
  return 0;
#endif
}

Determining if the function pthread_create exists in the pthreads failed with the following output:
Change Dir: /home/xumingye/Self-Super/PointGLR-master/build/CMakeFiles/CMakeTmp

Run Build Command:"/usr/bin/make" "cmTC_91f05/fast"
/usr/bin/make -f CMakeFiles/cmTC_91f05.dir/build.make CMakeFiles/cmTC_91f05.dir/build
make[1]: Entering directory '/home/xumingye/Self-Super/PointGLR-master/build/CMakeFiles/CMakeTmp'
Building C object CMakeFiles/cmTC_91f05.dir/CheckFunctionExists.c.o
/usr/bin/cc    -fPIC -DCHECK_FUNCTION_EXISTS=pthread_create   -o CMakeFiles/cmTC_91f05.dir/CheckFunctionExists.c.o   -c /usr/share/cmake-3.5/Modules/CheckFunctionExists.c
Linking C executable cmTC_91f05
/usr/bin/cmake -E cmake_link_script CMakeFiles/cmTC_91f05.dir/link.txt --verbose=1
/usr/bin/cc  -fPIC -DCHECK_FUNCTION_EXISTS=pthread_create    CMakeFiles/cmTC_91f05.dir/CheckFunctionExists.c.o  -o cmTC_91f05 -rdynamic -lpthreads 
/usr/bin/ld: cannot find -lpthreads
collect2: error: ld returned 1 exit status
CMakeFiles/cmTC_91f05.dir/build.make:97: recipe for target 'cmTC_91f05' failed
make[1]: *** [cmTC_91f05] Error 1
make[1]: Leaving directory '/home/xumingye/Self-Super/PointGLR-master/build/CMakeFiles/CMakeTmp'
Makefile:126: recipe for target 'cmTC_91f05/fast' failed
make: *** [cmTC_91f05/fast] Error 2


